kotlin version: 1.9.22
error message: Incremental compilation failed: C:\Didattica2024\qak24\SMath24Synch\build\kotlin\compileKotlin\cacheable\caches-jvm\jvm\kotlin\dirty-output-classes.tab.keystream
java.lang.AssertionError: C:\Didattica2024\qak24\SMath24Synch\build\kotlin\compileKotlin\cacheable\caches-jvm\jvm\kotlin\dirty-output-classes.tab.keystream
	at org.jetbrains.kotlin.com.intellij.openapi.diagnostic.DefaultLogger.error(DefaultLogger.java:54)
	at org.jetbrains.kotlin.com.intellij.openapi.diagnostic.Logger.error(Logger.java:208)
	at org.jetbrains.kotlin.com.intellij.util.io.PagedFileStorage.length(PagedFileStorage.java:321)
	at org.jetbrains.kotlin.com.intellij.util.io.ResizeableMappedFile.realSize(ResizeableMappedFile.java:83)
	at org.jetbrains.kotlin.com.intellij.util.io.ResizeableMappedFile.expand(ResizeableMappedFile.java:96)
	at org.jetbrains.kotlin.com.intellij.util.io.ResizeableMappedFile.ensureSize(ResizeableMappedFile.java:88)
	at org.jetbrains.kotlin.com.intellij.util.io.ResizeableMappedFile.put(ResizeableMappedFile.java:231)
	at org.jetbrains.kotlin.com.intellij.util.io.keyStorage.AppendableStorageBackedByResizableMappedFile.flushKeyStoreBuffer(AppendableStorageBackedByResizableMappedFile.java:47)
	at org.jetbrains.kotlin.com.intellij.util.io.keyStorage.AppendableStorageBackedByResizableMappedFile.force(AppendableStorageBackedByResizableMappedFile.java:55)
	at org.jetbrains.kotlin.com.intellij.util.io.PersistentEnumeratorBase.force(PersistentEnumeratorBase.java:529)
	at org.jetbrains.kotlin.com.intellij.util.io.PersistentBTreeEnumerator.force(PersistentBTreeEnumerator.java:638)
	at org.jetbrains.kotlin.com.intellij.util.io.PersistentEnumeratorBase.doClose(PersistentEnumeratorBase.java:479)
	at org.jetbrains.kotlin.com.intellij.util.io.PersistentBTreeEnumerator.doClose(PersistentBTreeEnumerator.java:305)
	at org.jetbrains.kotlin.com.intellij.util.io.PersistentEnumeratorBase.close(PersistentEnumeratorBase.java:464)
	at org.jetbrains.kotlin.com.intellij.util.io.PersistentBTreeEnumerator.close(PersistentBTreeEnumerator.java:650)
	at org.jetbrains.kotlin.com.intellij.util.io.PersistentMapImpl.doClose(PersistentMapImpl.java:812)
	at org.jetbrains.kotlin.com.intellij.util.io.PersistentMapImpl.close(PersistentMapImpl.java:780)
	at org.jetbrains.kotlin.com.intellij.util.io.PersistentMapImpl.close(PersistentMapImpl.java:760)
	at org.jetbrains.kotlin.com.intellij.util.io.PersistentHashMap.close(PersistentHashMap.java:203)
	at org.jetbrains.kotlin.incremental.storage.CachingLazyStorage.clean(CachingLazyStorage.kt:97)
	at org.jetbrains.kotlin.incremental.storage.BasicMap.clean(BasicMap.kt:36)
	at org.jetbrains.kotlin.incremental.IncrementalJvmCache.clearCacheForRemovedClasses(IncrementalJvmCache.kt:296)
	at org.jetbrains.kotlin.incremental.BuildUtilKt.updateIncrementalCache(buildUtil.kt:122)
	at org.jetbrains.kotlin.incremental.IncrementalJvmCompilerRunner.updateCaches(IncrementalJvmCompilerRunner.kt:371)
	at org.jetbrains.kotlin.incremental.IncrementalJvmCompilerRunner.updateCaches(IncrementalJvmCompilerRunner.kt:62)
	at org.jetbrains.kotlin.incremental.IncrementalCompilerRunner.doCompile(IncrementalCompilerRunner.kt:517)
	at org.jetbrains.kotlin.incremental.IncrementalCompilerRunner.compileImpl(IncrementalCompilerRunner.kt:400)
	at org.jetbrains.kotlin.incremental.IncrementalCompilerRunner.tryCompileIncrementally$lambda$6$compile(IncrementalCompilerRunner.kt:231)
	at org.jetbrains.kotlin.incremental.IncrementalCompilerRunner.tryCompileIncrementally(IncrementalCompilerRunner.kt:247)
	at org.jetbrains.kotlin.incremental.IncrementalCompilerRunner.compile(IncrementalCompilerRunner.kt:116)
	at org.jetbrains.kotlin.daemon.CompileServiceImplBase.execIncrementalCompiler(CompileServiceImpl.kt:657)
	at org.jetbrains.kotlin.daemon.CompileServiceImplBase.access$execIncrementalCompiler(CompileServiceImpl.kt:105)
	at org.jetbrains.kotlin.daemon.CompileServiceImpl.compile(CompileServiceImpl.kt:1624)
	at java.base/jdk.internal.reflect.NativeMethodAccessorImpl.invoke0(Native Method)
	at java.base/jdk.internal.reflect.NativeMethodAccessorImpl.invoke(NativeMethodAccessorImpl.java:77)
	at java.base/jdk.internal.reflect.DelegatingMethodAccessorImpl.invoke(DelegatingMethodAccessorImpl.java:43)
	at java.base/java.lang.reflect.Method.invoke(Method.java:568)
	at java.rmi/sun.rmi.server.UnicastServerRef.dispatch(UnicastServerRef.java:360)
	at java.rmi/sun.rmi.transport.Transport$1.run(Transport.java:200)
	at java.rmi/sun.rmi.transport.Transport$1.run(Transport.java:197)
	at java.base/java.security.AccessController.doPrivileged(AccessController.java:712)
	at java.rmi/sun.rmi.transport.Transport.serviceCall(Transport.java:196)
	at java.rmi/sun.rmi.transport.tcp.TCPTransport.handleMessages(TCPTransport.java:587)
	at java.rmi/sun.rmi.transport.tcp.TCPTransport$ConnectionHandler.run0(TCPTransport.java:828)
	at java.rmi/sun.rmi.transport.tcp.TCPTransport$ConnectionHandler.lambda$run$0(TCPTransport.java:705)
	at java.base/java.security.AccessController.doPrivileged(AccessController.java:399)
	at java.rmi/sun.rmi.transport.tcp.TCPTransport$ConnectionHandler.run(TCPTransport.java:704)
	at java.base/java.util.concurrent.ThreadPoolExecutor.runWorker(ThreadPoolExecutor.java:1136)
	at java.base/java.util.concurrent.ThreadPoolExecutor$Worker.run(ThreadPoolExecutor.java:635)
	at java.base/java.lang.Thread.run(Thread.java:833)
Caused by: java.nio.file.NoSuchFileException: C:\Didattica2024\qak24\SMath24Synch\build\kotlin\compileKotlin\cacheable\caches-jvm\jvm\kotlin\dirty-output-classes.tab.keystream
	at java.base/sun.nio.fs.WindowsException.translateToIOException(WindowsException.java:85)
	at java.base/sun.nio.fs.WindowsException.rethrowAsIOException(WindowsException.java:103)
	at java.base/sun.nio.fs.WindowsException.rethrowAsIOException(WindowsException.java:108)
	at java.base/sun.nio.fs.WindowsFileAttributeViews$Basic.readAttributes(WindowsFileAttributeViews.java:53)
	at java.base/sun.nio.fs.WindowsFileAttributeViews$Basic.readAttributes(WindowsFileAttributeViews.java:38)
	at java.base/sun.nio.fs.WindowsFileSystemProvider.readAttributes(WindowsFileSystemProvider.java:199)
	at java.base/java.nio.file.Files.readAttributes(Files.java:1851)
	at java.base/java.nio.file.Files.size(Files.java:2468)
	at org.jetbrains.kotlin.com.intellij.util.io.PagedFileStorage.length(PagedFileStorage.java:318)
	... 47 more


error message: Daemon compilation failed: null
java.lang.Exception
	at org.jetbrains.kotlin.daemon.common.CompileService$CallResult$Error.get(CompileService.kt:69)
	at org.jetbrains.kotlin.daemon.common.CompileService$CallResult$Error.get(CompileService.kt:65)
	at org.jetbrains.kotlin.compilerRunner.GradleKotlinCompilerWork.compileWithDaemon(GradleKotlinCompilerWork.kt:244)
	at org.jetbrains.kotlin.compilerRunner.GradleKotlinCompilerWork.compileWithDaemonOrFallbackImpl(GradleKotlinCompilerWork.kt:175)
	at org.jetbrains.kotlin.compilerRunner.GradleKotlinCompilerWork.run(GradleKotlinCompilerWork.kt:135)
	at org.jetbrains.kotlin.compilerRunner.GradleCompilerRunnerWithWorkers$GradleKotlinCompilerWorkAction.execute(GradleCompilerRunnerWithWorkers.kt:73)
	at org.gradle.workers.internal.DefaultWorkerServer.execute(DefaultWorkerServer.java:63)
	at org.gradle.workers.internal.NoIsolationWorkerFactory$1$1.create(NoIsolationWorkerFactory.java:66)
	at org.gradle.workers.internal.NoIsolationWorkerFactory$1$1.create(NoIsolationWorkerFactory.java:62)
	at org.gradle.internal.classloader.ClassLoaderUtils.executeInClassloader(ClassLoaderUtils.java:100)
	at org.gradle.workers.internal.NoIsolationWorkerFactory$1.lambda$execute$0(NoIsolationWorkerFactory.java:62)
	at org.gradle.workers.internal.AbstractWorker$1.call(AbstractWorker.java:44)
	at org.gradle.workers.internal.AbstractWorker$1.call(AbstractWorker.java:41)
	at org.gradle.internal.operations.DefaultBuildOperationRunner$CallableBuildOperationWorker.execute(DefaultBuildOperationRunner.java:204)
	at org.gradle.internal.operations.DefaultBuildOperationRunner$CallableBuildOperationWorker.execute(DefaultBuildOperationRunner.java:199)
	at org.gradle.internal.operations.DefaultBuildOperationRunner$2.execute(DefaultBuildOperationRunner.java:66)
	at org.gradle.internal.operations.DefaultBuildOperationRunner$2.execute(DefaultBuildOperationRunner.java:59)
	at org.gradle.internal.operations.DefaultBuildOperationRunner.execute(DefaultBuildOperationRunner.java:157)
	at org.gradle.internal.operations.DefaultBuildOperationRunner.execute(DefaultBuildOperationRunner.java:59)
	at org.gradle.internal.operations.DefaultBuildOperationRunner.call(DefaultBuildOperationRunner.java:53)
	at org.gradle.internal.operations.DefaultBuildOperationExecutor.call(DefaultBuildOperationExecutor.java:78)
	at org.gradle.workers.internal.AbstractWorker.executeWrappedInBuildOperation(AbstractWorker.java:41)
	at org.gradle.workers.internal.NoIsolationWorkerFactory$1.execute(NoIsolationWorkerFactory.java:59)
	at org.gradle.workers.internal.DefaultWorkerExecutor.lambda$submitWork$0(DefaultWorkerExecutor.java:170)
	at java.base/java.util.concurrent.FutureTask.run(FutureTask.java:264)
	at org.gradle.internal.work.DefaultConditionalExecutionQueue$ExecutionRunner.runExecution(DefaultConditionalExecutionQueue.java:187)
	at org.gradle.internal.work.DefaultConditionalExecutionQueue$ExecutionRunner.access$700(DefaultConditionalExecutionQueue.java:120)
	at org.gradle.internal.work.DefaultConditionalExecutionQueue$ExecutionRunner$1.run(DefaultConditionalExecutionQueue.java:162)
	at org.gradle.internal.Factories$1.create(Factories.java:31)
	at org.gradle.internal.work.DefaultWorkerLeaseService.withLocks(DefaultWorkerLeaseService.java:264)
	at org.gradle.internal.work.DefaultWorkerLeaseService.runAsWorkerThread(DefaultWorkerLeaseService.java:128)
	at org.gradle.internal.work.DefaultWorkerLeaseService.runAsWorkerThread(DefaultWorkerLeaseService.java:133)
	at org.gradle.internal.work.DefaultConditionalExecutionQueue$ExecutionRunner.runBatch(DefaultConditionalExecutionQueue.java:157)
	at org.gradle.internal.work.DefaultConditionalExecutionQueue$ExecutionRunner.run(DefaultConditionalExecutionQueue.java:126)
	at java.base/java.util.concurrent.Executors$RunnableAdapter.call(Executors.java:539)
	at java.base/java.util.concurrent.FutureTask.run(FutureTask.java:264)
	at org.gradle.internal.concurrent.ExecutorPolicy$CatchAndRecordFailures.onExecute(ExecutorPolicy.java:64)
	at org.gradle.internal.concurrent.AbstractManagedExecutor$1.run(AbstractManagedExecutor.java:47)
	at java.base/java.util.concurrent.ThreadPoolExecutor.runWorker(ThreadPoolExecutor.java:1136)
	at java.base/java.util.concurrent.ThreadPoolExecutor$Worker.run(ThreadPoolExecutor.java:635)
	at java.base/java.lang.Thread.run(Thread.java:833)
Caused by: java.io.IOException: Could not delete 'C:\Didattica2024\qak24\SMath24Synch\build\kotlin\compileKotlin\cacheable\last-build.bin'
	at org.jetbrains.kotlin.incremental.FileUtilsKt.deleteRecursivelyOrThrow(fileUtils.kt:47)
	at org.jetbrains.kotlin.incremental.FileUtilsKt.deleteDirectoryContents(fileUtils.kt:38)
	at org.jetbrains.kotlin.incremental.IncrementalCompilerRunner.cleanOrCreateDirectories(IncrementalCompilerRunner.kt:301)
	at org.jetbrains.kotlin.incremental.IncrementalCompilerRunner.compileNonIncrementally(IncrementalCompilerRunner.kt:270)
	at org.jetbrains.kotlin.incremental.IncrementalCompilerRunner.compile(IncrementalCompilerRunner.kt:144)
	at org.jetbrains.kotlin.daemon.CompileServiceImplBase.execIncrementalCompiler(CompileServiceImpl.kt:657)
	at org.jetbrains.kotlin.daemon.CompileServiceImplBase.access$execIncrementalCompiler(CompileServiceImpl.kt:105)
	at org.jetbrains.kotlin.daemon.CompileServiceImpl.compile(CompileServiceImpl.kt:1624)
	at java.base/jdk.internal.reflect.NativeMethodAccessorImpl.invoke0(Native Method)
	at java.base/jdk.internal.reflect.NativeMethodAccessorImpl.invoke(NativeMethodAccessorImpl.java:77)
	at java.base/jdk.internal.reflect.DelegatingMethodAccessorImpl.invoke(DelegatingMethodAccessorImpl.java:43)
	at java.base/java.lang.reflect.Method.invoke(Method.java:568)
	at java.rmi/sun.rmi.server.UnicastServerRef.dispatch(UnicastServerRef.java:360)
	at java.rmi/sun.rmi.transport.Transport$1.run(Transport.java:200)
	at java.rmi/sun.rmi.transport.Transport$1.run(Transport.java:197)
	at java.base/java.security.AccessController.doPrivileged(AccessController.java:712)
	at java.rmi/sun.rmi.transport.Transport.serviceCall(Transport.java:196)
	at java.rmi/sun.rmi.transport.tcp.TCPTransport.handleMessages(TCPTransport.java:587)
	at java.rmi/sun.rmi.transport.tcp.TCPTransport$ConnectionHandler.run0(TCPTransport.java:828)
	at java.rmi/sun.rmi.transport.tcp.TCPTransport$ConnectionHandler.lambda$run$0(TCPTransport.java:705)
	at java.base/java.security.AccessController.doPrivileged(AccessController.java:399)
	at java.rmi/sun.rmi.transport.tcp.TCPTransport$ConnectionHandler.run(TCPTransport.java:704)
	... 3 more


